<?xml version="1.0" encoding="UTF-8"?>
<testng-results ignored="0" total="1" passed="1" failed="0" skipped="0">
  <reporter-output>
  </reporter-output>
  <suite started-at="2024-06-18T12:42:20 IST" name="Default suite" finished-at="2024-06-18T12:42:20 IST" duration-ms="42">
    <groups>
    </groups>
    <test started-at="2024-06-18T12:42:20 IST" name="Default test" finished-at="2024-06-18T12:42:20 IST" duration-ms="42">
      <class name="bhikshapathi.dryRun">
        <test-method signature="dryran()[pri:0, instance:bhikshapathi.dryRun@28975c28]" started-at="2024-06-18T12:42:20 IST" name="dryran" finished-at="2024-06-18T12:42:20 IST" duration-ms="10" status="PASS">
          <reporter-output>
          </reporter-output>
        </test-method> <!-- dryran -->
      </class> <!-- bhikshapathi.dryRun -->
    </test> <!-- Default test -->
  </suite> <!-- Default suite -->
</testng-results>
